{
  "stats": {
    "suites": 3,
    "tests": 14,
    "passes": 14,
    "pending": 0,
    "failures": 0,
    "start": "2023-02-09T03:47:51.717Z",
    "end": "2023-02-09T03:48:57.473Z",
    "duration": 31318,
    "testsRegistered": 14,
    "passPercent": 100,
    "pendingPercent": 0,
    "other": 0,
    "hasOther": false,
    "skipped": 0,
    "hasSkipped": false
  },
  "results": [
    {
      "uuid": "f9feefc1-7b77-4089-bb54-85ab4ae9b99b",
      "title": "",
      "fullFile": "cypress/e2e/1-homepage.cy.js",
      "file": "cypress/e2e/1-homepage.cy.js",
      "beforeHooks": [],
      "afterHooks": [],
      "tests": [],
      "suites": [
        {
          "uuid": "aefe5107-6984-4ed9-becb-5b32a8755f03",
          "title": "Load Homepage",
          "fullFile": "",
          "file": "",
          "beforeHooks": [],
          "afterHooks": [],
          "tests": [
            {
              "title": "Load Homepage",
              "fullTitle": "Load Homepage Load Homepage",
              "timedOut": null,
              "duration": 3155,
              "state": "passed",
              "speed": "fast",
              "pass": true,
              "fail": false,
              "pending": false,
              "context": null,
              "code": "// visit Homepage\ncy.visit('https://example.cypress.io/todo');\n// https://on.cypress.io/get\n// assert Homepage elements\ncy.get('.new-todo').get('footer').should('exist');\n// assertion failed example\n// cy.contains('h1', 'Todos App')\n// https://on.cypress.io/contains\n// assert Homepage title using name\ncy.contains('h1', 'todos');\n// assert Homepage title using regular expression\ncy.contains('h1', /^todos$/);\n// assert Homepage title & element using data attribute\n// cy.contains('[data-cy=\"app-title\"]', 'todos')\n// cy.get('[data-cy=\"app-title\"]').should('have.text', 'todos')\ncy.get('[data-test=\"new-todo\"]').should('have.text', '');\n// assert Navigation Bar\ncy.get('.navbar-brand').should('have.text', 'cypress.io');\ncy.get('.navbar').contains('Commands').should('exist');\ncy.get('.navbar').contains('Utilities').should('exist');\ncy.get('.navbar').contains('Cypress API').should('exist');",
              "err": {},
              "uuid": "2c4ce692-b76f-41e8-96c4-1a29837adc20",
              "parentUUID": "aefe5107-6984-4ed9-becb-5b32a8755f03",
              "isHook": false,
              "skipped": false
            },
            {
              "title": "Show Expected Elements",
              "fullTitle": "Load Homepage Show Expected Elements",
              "timedOut": null,
              "duration": 544,
              "state": "passed",
              "speed": "fast",
              "pass": true,
              "fail": false,
              "pending": false,
              "context": null,
              "code": "cy.visit('https://example.cypress.io/todo');\nconst selectors = ['header', 'footer', '.new-todo', '.navbar-brand'];\nselectors.forEach(selector => {\n  cy.get(selector).should('be.visible');\n});",
              "err": {},
              "uuid": "1cd4ec9d-1d5e-4380-9d00-dbd13b30b7bf",
              "parentUUID": "aefe5107-6984-4ed9-becb-5b32a8755f03",
              "isHook": false,
              "skipped": false
            }
          ],
          "suites": [],
          "passes": [
            "2c4ce692-b76f-41e8-96c4-1a29837adc20",
            "1cd4ec9d-1d5e-4380-9d00-dbd13b30b7bf"
          ],
          "failures": [],
          "pending": [],
          "skipped": [],
          "duration": 3699,
          "root": false,
          "rootEmpty": false,
          "_timeout": 2000
        }
      ],
      "passes": [],
      "failures": [],
      "pending": [],
      "skipped": [],
      "duration": 0,
      "root": true,
      "rootEmpty": true,
      "_timeout": 2000
    },
    {
      "uuid": "cc46df63-82d4-44a2-b04a-116dc8947fe7",
      "title": "",
      "fullFile": "cypress/e2e/2-adding-items.cy.js",
      "file": "cypress/e2e/2-adding-items.cy.js",
      "beforeHooks": [],
      "afterHooks": [],
      "tests": [],
      "suites": [
        {
          "uuid": "3d025e9f-7da4-4b53-99e0-9144a9b0589f",
          "title": "Load Homepage",
          "fullFile": "",
          "file": "",
          "beforeHooks": [],
          "afterHooks": [],
          "tests": [
            {
              "title": "Load Homepage",
              "fullTitle": "Load Homepage Load Homepage",
              "timedOut": null,
              "duration": 2068,
              "state": "passed",
              "speed": "fast",
              "pass": true,
              "fail": false,
              "pending": false,
              "context": null,
              "code": "cy.contains('h1', 'todos');",
              "err": {},
              "uuid": "ffb048d6-03c9-46b7-a7f9-802e921e0a96",
              "parentUUID": "3d025e9f-7da4-4b53-99e0-9144a9b0589f",
              "isHook": false,
              "skipped": false
            },
            {
              "title": "Display 2 Items by default",
              "fullTitle": "Load Homepage Display 2 Items by default",
              "timedOut": null,
              "duration": 500,
              "state": "passed",
              "speed": "fast",
              "pass": true,
              "fail": false,
              "pending": false,
              "context": null,
              "code": "cy.get('.todo-list li').should('have.length', 2);\ncy.get('.todo-list li').first().should('have.text', 'Pay electric bill');\ncy.get('.todo-list li').last().should('have.text', 'Walk the dog');",
              "err": {},
              "uuid": "496cb140-b2e4-40e5-847c-544357862128",
              "parentUUID": "3d025e9f-7da4-4b53-99e0-9144a9b0589f",
              "isHook": false,
              "skipped": false
            }
          ],
          "suites": [],
          "passes": [
            "ffb048d6-03c9-46b7-a7f9-802e921e0a96",
            "496cb140-b2e4-40e5-847c-544357862128"
          ],
          "failures": [],
          "pending": [],
          "skipped": [],
          "duration": 2568,
          "root": false,
          "rootEmpty": false,
          "_timeout": 2000
        },
        {
          "uuid": "5bb54282-15a4-4f35-909a-ba72e52b517f",
          "title": "Adding Items",
          "fullFile": "",
          "file": "",
          "beforeHooks": [],
          "afterHooks": [],
          "tests": [
            {
              "title": "Add one more Items",
              "fullTitle": "Adding Items Add one more Items",
              "timedOut": null,
              "duration": 2327,
              "state": "passed",
              "speed": "fast",
              "pass": true,
              "fail": false,
              "pending": false,
              "context": null,
              "code": "// make sure the application has loaded first\ncy.wait(1000);\n// take the initial number of items (could be zero!)\n// add one more todo via UI\n// take the new number of items\n// confirm it is the initial number + 1\ncy.get('.todo-list li').should(Cypress._.noop).its('length').then(n => {\n  addItem('My New Item');\n  // now we for sure have at least one item\n  cy.get('.todo-list li').should('have.length', n + 1);\n});",
              "err": {},
              "uuid": "f284f727-4b93-4f7e-b49b-1e42ffd0809b",
              "parentUUID": "5bb54282-15a4-4f35-909a-ba72e52b517f",
              "isHook": false,
              "skipped": false
            },
            {
              "title": "Add 2 Items",
              "fullTitle": "Adding Items Add 2 Items",
              "timedOut": null,
              "duration": 1595,
              "state": "passed",
              "speed": "fast",
              "pass": true,
              "fail": false,
              "pending": false,
              "context": null,
              "code": "cy.get('.new-todo').type('First Item{Enter}');\ncy.contains('ul.todo-list', 'First Item').should('be.visible');\ncy.get('.new-todo').type('Second Item{Enter}');\ncy.contains('ul.todo-list', 'Second Item').should('be.visible');\ncy.get('.todo-list li').should('have.length', 4);",
              "err": {},
              "uuid": "fa98a03a-b27a-420e-ad91-a6548673dfc8",
              "parentUUID": "5bb54282-15a4-4f35-909a-ba72e52b517f",
              "isHook": false,
              "skipped": false
            },
            {
              "title": "Add Items with Random text",
              "fullTitle": "Adding Items Add Items with Random text",
              "timedOut": null,
              "duration": 1382,
              "state": "passed",
              "speed": "fast",
              "pass": true,
              "fail": false,
              "pending": false,
              "context": null,
              "code": "const randomLabel = `Item ${Math.random().toString().slice(2, 14)}`;\naddItem(randomLabel);\ncy.contains('.todo-list li', randomLabel).should('be.visible').and('not.have.class', 'completed');",
              "err": {},
              "uuid": "e15008c1-a802-4b17-86b7-5b07924d22f2",
              "parentUUID": "5bb54282-15a4-4f35-909a-ba72e52b517f",
              "isHook": false,
              "skipped": false
            },
            {
              "title": "Add many Items",
              "fullTitle": "Adding Items Add many Items",
              "timedOut": null,
              "duration": 2485,
              "state": "passed",
              "speed": "fast",
              "pass": true,
              "fail": false,
              "pending": false,
              "context": null,
              "code": "const Total = 5;\nfor (let count = 0; count < Total; count += 1) {\n  addItem(`item ${count}`);\n}\ncy.log('** complete items **');\n// check number of items\ncy.get('.todo-list li').should('have.length.at.least', 5);",
              "err": {},
              "uuid": "c823e9e0-adf7-4cb7-a35d-11da8f84c263",
              "parentUUID": "5bb54282-15a4-4f35-909a-ba72e52b517f",
              "isHook": false,
              "skipped": false
            },
            {
              "title": "Does Not Allow Adding Blank Todos",
              "fullTitle": "Adding Items Does Not Allow Adding Blank Todos",
              "timedOut": null,
              "duration": 2106,
              "state": "passed",
              "speed": "fast",
              "pass": true,
              "fail": false,
              "pending": false,
              "context": null,
              "code": "cy.on('uncaught:exception', e => {\n  // what will happen if this assertion fails?\n  // will the test fail?\n  // expect(e.message).to.include('Cannot add a blank todo')\n  // return false\n  // a better shortcut\n  return !e.message.includes('Cannot add a blank todo');\n});\naddItem(' ');\ncy.get('.todo-list li').should('not.have.text', ' ');",
              "err": {},
              "uuid": "6a9d09e7-ea24-4f7f-9730-7bccdd55c4d2",
              "parentUUID": "5bb54282-15a4-4f35-909a-ba72e52b517f",
              "isHook": false,
              "skipped": false
            },
            {
              "title": "Disables the built-in Assertion",
              "fullTitle": "Adding Items Disables the built-in Assertion",
              "timedOut": null,
              "duration": 1031,
              "state": "passed",
              "speed": "fast",
              "pass": true,
              "fail": false,
              "pending": false,
              "context": null,
              "code": "// try to get a non-existent element\n// without failing the test\n// pass it to the `.then($el)` callback\n// to check it yourself\ncy.get('does-not-exist').should(Cypress._.noop).then($el => {\n  if (!$el.length) {\n    cy.log('There is no element');\n  }\n});",
              "err": {},
              "uuid": "52dadaa7-35d8-4c83-83c9-95cf1e0747c2",
              "parentUUID": "5bb54282-15a4-4f35-909a-ba72e52b517f",
              "isHook": false,
              "skipped": false
            },
            {
              "title": "Add Items from a Fixture",
              "fullTitle": "Adding Items Add Items from a Fixture",
              "timedOut": null,
              "duration": 4079,
              "state": "passed",
              "speed": "fast",
              "pass": true,
              "fail": false,
              "pending": false,
              "context": null,
              "code": "// load a list of todos from a fixture file using cy.fixture\n// https://on.cypress.io/fixture\ncy.fixture('two-items.json')\n// get the list of todos from the fixture using .then callback\n.then(items => {\n  // for each item make a cy.request to create it on the server\n  items.forEach(item => {\n    addItem(item.title);\n  });\n  // after creating all items,\n  // reload the page and confirm each item is shown\n  items.forEach(item => {\n    cy.contains('ul.todo-list', item.title).should('be.visible');\n  });\n});",
              "err": {},
              "uuid": "4b81a4f4-1c94-4742-ba51-1570aa694db2",
              "parentUUID": "5bb54282-15a4-4f35-909a-ba72e52b517f",
              "isHook": false,
              "skipped": false
            }
          ],
          "suites": [],
          "passes": [
            "f284f727-4b93-4f7e-b49b-1e42ffd0809b",
            "fa98a03a-b27a-420e-ad91-a6548673dfc8",
            "e15008c1-a802-4b17-86b7-5b07924d22f2",
            "c823e9e0-adf7-4cb7-a35d-11da8f84c263",
            "6a9d09e7-ea24-4f7f-9730-7bccdd55c4d2",
            "52dadaa7-35d8-4c83-83c9-95cf1e0747c2",
            "4b81a4f4-1c94-4742-ba51-1570aa694db2"
          ],
          "failures": [],
          "pending": [],
          "skipped": [],
          "duration": 15005,
          "root": false,
          "rootEmpty": false,
          "_timeout": 2000
        }
      ],
      "passes": [],
      "failures": [],
      "pending": [],
      "skipped": [],
      "duration": 0,
      "root": true,
      "rootEmpty": true,
      "_timeout": 2000
    },
    {
      "uuid": "47f2cf22-d99a-4160-9d73-dd3958b5b470",
      "title": "",
      "fullFile": "cypress/e2e/3-delete-items.cy.js",
      "file": "cypress/e2e/3-delete-items.cy.js",
      "beforeHooks": [],
      "afterHooks": [],
      "tests": [],
      "suites": [
        {
          "uuid": "43017a81-66c6-4fa0-9304-3a50ef1c2b13",
          "title": "Delete Items",
          "fullFile": "",
          "file": "",
          "beforeHooks": [],
          "afterHooks": [],
          "tests": [
            {
              "title": "Delete an Item",
              "fullTitle": "Delete Items Delete an Item",
              "timedOut": null,
              "duration": 4377,
              "state": "passed",
              "speed": "fast",
              "pass": true,
              "fail": false,
              "pending": false,
              "context": null,
              "code": "// adds a few items\naddItem('simple');\naddItem('hard');\n// deletes the first item\ncy.contains('.todo-list li', 'simple').should('exist').find('.destroy')\n// use force: true because we don't have the hover\n.click({\n  force: true\n});\n// confirm the deleted item is gone from the dom\ncy.contains('.todo-list li', 'simple').should('not.exist');\n// confirm the other item still exists\ncy.contains('.todo-list li', 'hard').should('exist');",
              "err": {},
              "uuid": "93000891-c31e-492a-8de4-0f7d1c66845a",
              "parentUUID": "43017a81-66c6-4fa0-9304-3a50ef1c2b13",
              "isHook": false,
              "skipped": false
            },
            {
              "title": "Delete All Items one by one",
              "fullTitle": "Delete Items Delete All Items one by one",
              "timedOut": null,
              "duration": 2394,
              "state": "passed",
              "speed": "fast",
              "pass": true,
              "fail": false,
              "pending": false,
              "context": null,
              "code": "// wait for the page to load the todos\ncy.wait(1000);\n// get all todo items (there might not be any!)\ncy.get('.todo-list li').should(Cypress._.noop)\n// for each todo item click the remove button\n.each($item => {\n  cy.wrap($item).find('.destroy').click({\n    force: true\n  });\n});\n// confirm that the item is gone from the dom\ncy.get('.todo-list li').should('not.exist');",
              "err": {},
              "uuid": "10d2aaf2-e731-4099-b300-9a2a9eea9fb2",
              "parentUUID": "43017a81-66c6-4fa0-9304-3a50ef1c2b13",
              "isHook": false,
              "skipped": false
            },
            {
              "title": "Delete All Items by clicking multiple elements",
              "fullTitle": "Delete Items Delete All Items by clicking multiple elements",
              "timedOut": null,
              "duration": 3275,
              "state": "passed",
              "speed": "fast",
              "pass": true,
              "fail": false,
              "pending": false,
              "context": null,
              "code": "// wait for the page to load the todos\ncy.wait(1000);\n// get all todo elements and their destroy buttons\n// (there might not be any!)\n// the click on them all at once\n// see https://on.cypress.io/click\ncy.get('.todo-list li .destroy').should(Cypress._.noop).then($destroy => {\n  if ($destroy.length) {\n    cy.wrap($destroy).click({\n      force: true,\n      multiple: true\n    });\n  }\n});\n// confirm that the item is gone from the dom\ncy.get('.todo-list li').should('not.exist');",
              "err": {},
              "uuid": "d80d0f60-0aca-4e48-a8e3-9878e6463d79",
              "parentUUID": "43017a81-66c6-4fa0-9304-3a50ef1c2b13",
              "isHook": false,
              "skipped": false
            }
          ],
          "suites": [],
          "passes": [
            "93000891-c31e-492a-8de4-0f7d1c66845a",
            "10d2aaf2-e731-4099-b300-9a2a9eea9fb2",
            "d80d0f60-0aca-4e48-a8e3-9878e6463d79"
          ],
          "failures": [],
          "pending": [],
          "skipped": [],
          "duration": 10046,
          "root": false,
          "rootEmpty": false,
          "_timeout": 2000
        }
      ],
      "passes": [],
      "failures": [],
      "pending": [],
      "skipped": [],
      "duration": 0,
      "root": true,
      "rootEmpty": true,
      "_timeout": 2000
    }
  ],
  "meta": {
    "mocha": {
      "version": "7.0.1"
    },
    "mochawesome": {
      "options": {
        "quiet": false,
        "reportFilename": "mochawesome",
        "saveHtml": false,
        "saveJson": true,
        "consoleReporter": "spec",
        "useInlineDiffs": false,
        "code": true
      },
      "version": "7.1.3"
    },
    "marge": {
      "options": {
        "charts": true,
        "overwrite": false,
        "html": false,
        "json": true,
        "reportDir": "cypress/report/mochawesome-report"
      },
      "version": "6.2.0"
    }
  }
}