{
  "stats": {
    "suites": 1,
    "tests": 3,
    "passes": 3,
    "pending": 0,
    "failures": 0,
    "start": "2023-02-09T03:48:46.850Z",
    "end": "2023-02-09T03:48:57.473Z",
    "duration": 10623,
    "testsRegistered": 3,
    "passPercent": 100,
    "pendingPercent": 0,
    "other": 0,
    "hasOther": false,
    "skipped": 0,
    "hasSkipped": false
  },
  "results": [
    {
      "uuid": "47f2cf22-d99a-4160-9d73-dd3958b5b470",
      "title": "",
      "fullFile": "cypress/e2e/3-delete-items.cy.js",
      "file": "cypress/e2e/3-delete-items.cy.js",
      "beforeHooks": [],
      "afterHooks": [],
      "tests": [],
      "suites": [
        {
          "uuid": "43017a81-66c6-4fa0-9304-3a50ef1c2b13",
          "title": "Delete Items",
          "fullFile": "",
          "file": "",
          "beforeHooks": [],
          "afterHooks": [],
          "tests": [
            {
              "title": "Delete an Item",
              "fullTitle": "Delete Items Delete an Item",
              "timedOut": null,
              "duration": 4377,
              "state": "passed",
              "speed": "fast",
              "pass": true,
              "fail": false,
              "pending": false,
              "context": null,
              "code": "// adds a few items\naddItem('simple');\naddItem('hard');\n// deletes the first item\ncy.contains('.todo-list li', 'simple').should('exist').find('.destroy')\n// use force: true because we don't have the hover\n.click({\n  force: true\n});\n// confirm the deleted item is gone from the dom\ncy.contains('.todo-list li', 'simple').should('not.exist');\n// confirm the other item still exists\ncy.contains('.todo-list li', 'hard').should('exist');",
              "err": {},
              "uuid": "93000891-c31e-492a-8de4-0f7d1c66845a",
              "parentUUID": "43017a81-66c6-4fa0-9304-3a50ef1c2b13",
              "isHook": false,
              "skipped": false
            },
            {
              "title": "Delete All Items one by one",
              "fullTitle": "Delete Items Delete All Items one by one",
              "timedOut": null,
              "duration": 2394,
              "state": "passed",
              "speed": "fast",
              "pass": true,
              "fail": false,
              "pending": false,
              "context": null,
              "code": "// wait for the page to load the todos\ncy.wait(1000);\n// get all todo items (there might not be any!)\ncy.get('.todo-list li').should(Cypress._.noop)\n// for each todo item click the remove button\n.each($item => {\n  cy.wrap($item).find('.destroy').click({\n    force: true\n  });\n});\n// confirm that the item is gone from the dom\ncy.get('.todo-list li').should('not.exist');",
              "err": {},
              "uuid": "10d2aaf2-e731-4099-b300-9a2a9eea9fb2",
              "parentUUID": "43017a81-66c6-4fa0-9304-3a50ef1c2b13",
              "isHook": false,
              "skipped": false
            },
            {
              "title": "Delete All Items by clicking multiple elements",
              "fullTitle": "Delete Items Delete All Items by clicking multiple elements",
              "timedOut": null,
              "duration": 3275,
              "state": "passed",
              "speed": "fast",
              "pass": true,
              "fail": false,
              "pending": false,
              "context": null,
              "code": "// wait for the page to load the todos\ncy.wait(1000);\n// get all todo elements and their destroy buttons\n// (there might not be any!)\n// the click on them all at once\n// see https://on.cypress.io/click\ncy.get('.todo-list li .destroy').should(Cypress._.noop).then($destroy => {\n  if ($destroy.length) {\n    cy.wrap($destroy).click({\n      force: true,\n      multiple: true\n    });\n  }\n});\n// confirm that the item is gone from the dom\ncy.get('.todo-list li').should('not.exist');",
              "err": {},
              "uuid": "d80d0f60-0aca-4e48-a8e3-9878e6463d79",
              "parentUUID": "43017a81-66c6-4fa0-9304-3a50ef1c2b13",
              "isHook": false,
              "skipped": false
            }
          ],
          "suites": [],
          "passes": [
            "93000891-c31e-492a-8de4-0f7d1c66845a",
            "10d2aaf2-e731-4099-b300-9a2a9eea9fb2",
            "d80d0f60-0aca-4e48-a8e3-9878e6463d79"
          ],
          "failures": [],
          "pending": [],
          "skipped": [],
          "duration": 10046,
          "root": false,
          "rootEmpty": false,
          "_timeout": 2000
        }
      ],
      "passes": [],
      "failures": [],
      "pending": [],
      "skipped": [],
      "duration": 0,
      "root": true,
      "rootEmpty": true,
      "_timeout": 2000
    }
  ],
  "meta": {
    "mocha": {
      "version": "7.0.1"
    },
    "mochawesome": {
      "options": {
        "quiet": false,
        "reportFilename": "mochawesome",
        "saveHtml": false,
        "saveJson": true,
        "consoleReporter": "spec",
        "useInlineDiffs": false,
        "code": true
      },
      "version": "7.1.3"
    },
    "marge": {
      "options": {
        "charts": true,
        "overwrite": false,
        "html": false,
        "json": true,
        "reportDir": "cypress/report/mochawesome-report"
      },
      "version": "6.2.0"
    }
  }
}