{
  "stats": {
    "suites": 1,
    "tests": 2,
    "passes": 2,
    "pending": 0,
    "failures": 0,
    "start": "2023-02-09T03:47:51.717Z",
    "end": "2023-02-09T03:47:55.517Z",
    "duration": 3800,
    "testsRegistered": 2,
    "passPercent": 100,
    "pendingPercent": 0,
    "other": 0,
    "hasOther": false,
    "skipped": 0,
    "hasSkipped": false
  },
  "results": [
    {
      "uuid": "f9feefc1-7b77-4089-bb54-85ab4ae9b99b",
      "title": "",
      "fullFile": "cypress/e2e/1-homepage.cy.js",
      "file": "cypress/e2e/1-homepage.cy.js",
      "beforeHooks": [],
      "afterHooks": [],
      "tests": [],
      "suites": [
        {
          "uuid": "aefe5107-6984-4ed9-becb-5b32a8755f03",
          "title": "Load Homepage",
          "fullFile": "",
          "file": "",
          "beforeHooks": [],
          "afterHooks": [],
          "tests": [
            {
              "title": "Load Homepage",
              "fullTitle": "Load Homepage Load Homepage",
              "timedOut": null,
              "duration": 3155,
              "state": "passed",
              "speed": "fast",
              "pass": true,
              "fail": false,
              "pending": false,
              "context": null,
              "code": "// visit Homepage\ncy.visit('https://example.cypress.io/todo');\n// https://on.cypress.io/get\n// assert Homepage elements\ncy.get('.new-todo').get('footer').should('exist');\n// assertion failed example\n// cy.contains('h1', 'Todos App')\n// https://on.cypress.io/contains\n// assert Homepage title using name\ncy.contains('h1', 'todos');\n// assert Homepage title using regular expression\ncy.contains('h1', /^todos$/);\n// assert Homepage title & element using data attribute\n// cy.contains('[data-cy=\"app-title\"]', 'todos')\n// cy.get('[data-cy=\"app-title\"]').should('have.text', 'todos')\ncy.get('[data-test=\"new-todo\"]').should('have.text', '');\n// assert Navigation Bar\ncy.get('.navbar-brand').should('have.text', 'cypress.io');\ncy.get('.navbar').contains('Commands').should('exist');\ncy.get('.navbar').contains('Utilities').should('exist');\ncy.get('.navbar').contains('Cypress API').should('exist');",
              "err": {},
              "uuid": "2c4ce692-b76f-41e8-96c4-1a29837adc20",
              "parentUUID": "aefe5107-6984-4ed9-becb-5b32a8755f03",
              "isHook": false,
              "skipped": false
            },
            {
              "title": "Show Expected Elements",
              "fullTitle": "Load Homepage Show Expected Elements",
              "timedOut": null,
              "duration": 544,
              "state": "passed",
              "speed": "fast",
              "pass": true,
              "fail": false,
              "pending": false,
              "context": null,
              "code": "cy.visit('https://example.cypress.io/todo');\nconst selectors = ['header', 'footer', '.new-todo', '.navbar-brand'];\nselectors.forEach(selector => {\n  cy.get(selector).should('be.visible');\n});",
              "err": {},
              "uuid": "1cd4ec9d-1d5e-4380-9d00-dbd13b30b7bf",
              "parentUUID": "aefe5107-6984-4ed9-becb-5b32a8755f03",
              "isHook": false,
              "skipped": false
            }
          ],
          "suites": [],
          "passes": [
            "2c4ce692-b76f-41e8-96c4-1a29837adc20",
            "1cd4ec9d-1d5e-4380-9d00-dbd13b30b7bf"
          ],
          "failures": [],
          "pending": [],
          "skipped": [],
          "duration": 3699,
          "root": false,
          "rootEmpty": false,
          "_timeout": 2000
        }
      ],
      "passes": [],
      "failures": [],
      "pending": [],
      "skipped": [],
      "duration": 0,
      "root": true,
      "rootEmpty": true,
      "_timeout": 2000
    }
  ],
  "meta": {
    "mocha": {
      "version": "7.0.1"
    },
    "mochawesome": {
      "options": {
        "quiet": false,
        "reportFilename": "mochawesome",
        "saveHtml": false,
        "saveJson": true,
        "consoleReporter": "spec",
        "useInlineDiffs": false,
        "code": true
      },
      "version": "7.1.3"
    },
    "marge": {
      "options": {
        "charts": true,
        "overwrite": false,
        "html": false,
        "json": true,
        "reportDir": "cypress/report/mochawesome-report"
      },
      "version": "6.2.0"
    }
  }
}